<?xml version="1.0" encoding="UTF-8"?>
<testsuite name="com.hong.ForPaw.service.RegionCodeServiceTest" tests="1" skipped="0" failures="0" errors="0" timestamp="2024-02-22T09:41:13" hostname="hoyaiui-MacBookAir.local" time="0.275">
  <properties/>
  <testcase name="loadRegionData()" classname="com.hong.ForPaw.service.RegionCodeServiceTest" time="0.275"/>
  <system-out><![CDATA[18:41:11.574 [Test worker] INFO org.springframework.test.context.support.AnnotationConfigContextLoaderUtils -- Could not detect default configuration classes for test class [com.hong.ForPaw.service.RegionCodeServiceTest]: RegionCodeServiceTest does not declare any static, non-private, non-final, nested classes annotated with @Configuration.
18:41:11.621 [Test worker] INFO org.springframework.boot.test.context.SpringBootTestContextBootstrapper -- Found @SpringBootConfiguration com.hong.ForPaw.ForPawApplication for test class com.hong.ForPaw.service.RegionCodeServiceTest

  .   ____          _            __ _ _
 /\\ / ___'_ __ _ _(_)_ __  __ _ \ \ \ \
( ( )\___ | '_ | '_| | '_ \/ _` | \ \ \ \
 \\/  ___)| |_)| | | | | || (_| |  ) ) ) )
  '  |____| .__|_| |_|_| |_\__, | / / / /
 =========|_|==============|___/=/_/_/_/
 :: Spring Boot ::                (v3.2.2)

2024-02-22T18:41:11.765+09:00  INFO 21392 --- [    Test worker] c.h.F.service.RegionCodeServiceTest      : Starting RegionCodeServiceTest using Java 17.0.9 with PID 21392 (started by lhh in /Users/lhh/ForPaw)
2024-02-22T18:41:11.766+09:00  INFO 21392 --- [    Test worker] c.h.F.service.RegionCodeServiceTest      : No active profile set, falling back to 1 default profile: "default"
2024-02-22T18:41:12.017+09:00  INFO 21392 --- [    Test worker] .s.d.r.c.RepositoryConfigurationDelegate : Bootstrapping Spring Data JPA repositories in DEFAULT mode.
2024-02-22T18:41:12.035+09:00  INFO 21392 --- [    Test worker] .s.d.r.c.RepositoryConfigurationDelegate : Finished Spring Data repository scanning in 14 ms. Found 1 JPA repository interface.
2024-02-22T18:41:12.185+09:00  INFO 21392 --- [    Test worker] com.zaxxer.hikari.HikariDataSource       : HikariPool-1 - Starting...
2024-02-22T18:41:12.261+09:00  INFO 21392 --- [    Test worker] com.zaxxer.hikari.pool.HikariPool        : HikariPool-1 - Added connection conn0: url=jdbc:h2:mem:1fbed17b-2bd1-4c60-8616-77f0233ff83f user=SA
2024-02-22T18:41:12.262+09:00  INFO 21392 --- [    Test worker] com.zaxxer.hikari.HikariDataSource       : HikariPool-1 - Start completed.
2024-02-22T18:41:12.283+09:00  INFO 21392 --- [    Test worker] o.hibernate.jpa.internal.util.LogHelper  : HHH000204: Processing PersistenceUnitInfo [name: default]
2024-02-22T18:41:12.301+09:00  INFO 21392 --- [    Test worker] org.hibernate.Version                    : HHH000412: Hibernate ORM core version 6.4.1.Final
2024-02-22T18:41:12.315+09:00  INFO 21392 --- [    Test worker] o.h.c.internal.RegionFactoryInitiator    : HHH000026: Second-level cache disabled
2024-02-22T18:41:12.397+09:00  INFO 21392 --- [    Test worker] o.s.o.j.p.SpringPersistenceUnitInfo      : No LoadTimeWeaver setup: ignoring JPA class transformer
2024-02-22T18:41:12.727+09:00  INFO 21392 --- [    Test worker] o.h.e.t.j.p.i.JtaPlatformInitiator       : HHH000489: No JTA platform available (set 'hibernate.transaction.jta.platform' to enable JTA platform integration)
2024-02-22T18:41:12.746+09:00  INFO 21392 --- [    Test worker] j.LocalContainerEntityManagerFactoryBean : Initialized JPA EntityManagerFactory for persistence unit 'default'
2024-02-22T18:41:13.013+09:00  WARN 21392 --- [    Test worker] JpaBaseConfiguration$JpaWebConfiguration : spring.jpa.open-in-view is enabled by default. Therefore, database queries may be performed during view rendering. Explicitly configure spring.jpa.open-in-view to disable this warning
2024-02-22T18:41:13.136+09:00  WARN 21392 --- [    Test worker] .s.s.UserDetailsServiceAutoConfiguration : 

Using generated security password: 22ca6be6-3491-4f88-9555-a47cbf8c16a3

This generated password is for development use only. Your security configuration must be updated before running your application in production.

2024-02-22T18:41:13.184+09:00  INFO 21392 --- [    Test worker] o.s.s.web.DefaultSecurityFilterChain     : Will secure any request with [org.springframework.security.web.session.DisableEncodeUrlFilter@1f8a1b, org.springframework.security.web.context.request.async.WebAsyncManagerIntegrationFilter@568cbf8d, org.springframework.security.web.context.SecurityContextHolderFilter@6a0a0f12, org.springframework.security.web.header.HeaderWriterFilter@4d25943d, org.springframework.web.filter.CorsFilter@376c5950, org.springframework.security.web.csrf.CsrfFilter@655d5285, org.springframework.security.web.authentication.logout.LogoutFilter@76379796, org.springframework.security.web.authentication.UsernamePasswordAuthenticationFilter@25bd68ea, org.springframework.security.web.authentication.ui.DefaultLoginPageGeneratingFilter@2ab1c7a9, org.springframework.security.web.authentication.ui.DefaultLogoutPageGeneratingFilter@11ec699, org.springframework.security.web.authentication.www.BasicAuthenticationFilter@12ae75f1, org.springframework.security.web.savedrequest.RequestCacheAwareFilter@75c095a5, org.springframework.security.web.servletapi.SecurityContextHolderAwareRequestFilter@689fe2a3, org.springframework.security.web.authentication.AnonymousAuthenticationFilter@7d2ddbf3, org.springframework.security.web.access.ExceptionTranslationFilter@67201eeb, org.springframework.security.web.access.intercept.AuthorizationFilter@3db145f7]
2024-02-22T18:41:13.209+09:00  INFO 21392 --- [    Test worker] c.h.F.service.RegionCodeServiceTest      : Started RegionCodeServiceTest in 1.531 seconds (process running for 1.988)
6119999
]]></system-out>
  <system-err><![CDATA[]]></system-err>
</testsuite>
