<?xml version="1.0" encoding="UTF-8"?>
<testsuite name="com.hong.ForPaw.service.RegionCodeServiceTest" tests="1" skipped="0" failures="0" errors="0" timestamp="2024-02-22T14:31:55" hostname="hoyaiui-MacBookAir.local" time="0.328">
  <properties/>
  <testcase name="loadRegionData()" classname="com.hong.ForPaw.service.RegionCodeServiceTest" time="0.328"/>
  <system-out><![CDATA[23:31:53.345 [Test worker] INFO org.springframework.test.context.support.AnnotationConfigContextLoaderUtils -- Could not detect default configuration classes for test class [com.hong.ForPaw.service.RegionCodeServiceTest]: RegionCodeServiceTest does not declare any static, non-private, non-final, nested classes annotated with @Configuration.
23:31:53.387 [Test worker] INFO org.springframework.boot.test.context.SpringBootTestContextBootstrapper -- Found @SpringBootConfiguration com.hong.ForPaw.ForPawApplication for test class com.hong.ForPaw.service.RegionCodeServiceTest

  .   ____          _            __ _ _
 /\\ / ___'_ __ _ _(_)_ __  __ _ \ \ \ \
( ( )\___ | '_ | '_| | '_ \/ _` | \ \ \ \
 \\/  ___)| |_)| | | | | || (_| |  ) ) ) )
  '  |____| .__|_| |_|_| |_\__, | / / / /
 =========|_|==============|___/=/_/_/_/
 :: Spring Boot ::                (v3.2.2)

2024-02-22T23:31:53.528+09:00  INFO 24175 --- [    Test worker] c.h.F.service.RegionCodeServiceTest      : Starting RegionCodeServiceTest using Java 17.0.9 with PID 24175 (started by lhh in /Users/lhh/ForPaw)
2024-02-22T23:31:53.529+09:00  INFO 24175 --- [    Test worker] c.h.F.service.RegionCodeServiceTest      : No active profile set, falling back to 1 default profile: "default"
2024-02-22T23:31:53.789+09:00  INFO 24175 --- [    Test worker] .s.d.r.c.RepositoryConfigurationDelegate : Bootstrapping Spring Data JPA repositories in DEFAULT mode.
2024-02-22T23:31:53.851+09:00  INFO 24175 --- [    Test worker] .s.d.r.c.RepositoryConfigurationDelegate : Finished Spring Data repository scanning in 58 ms. Found 1 JPA repository interface.
2024-02-22T23:31:54.012+09:00  INFO 24175 --- [    Test worker] com.zaxxer.hikari.HikariDataSource       : HikariPool-1 - Starting...
2024-02-22T23:31:54.091+09:00  INFO 24175 --- [    Test worker] com.zaxxer.hikari.pool.HikariPool        : HikariPool-1 - Added connection conn0: url=jdbc:h2:mem:6558ddc9-2a37-4b47-a892-450d1c870851 user=SA
2024-02-22T23:31:54.092+09:00  INFO 24175 --- [    Test worker] com.zaxxer.hikari.HikariDataSource       : HikariPool-1 - Start completed.
2024-02-22T23:31:54.115+09:00  INFO 24175 --- [    Test worker] o.hibernate.jpa.internal.util.LogHelper  : HHH000204: Processing PersistenceUnitInfo [name: default]
2024-02-22T23:31:54.144+09:00  INFO 24175 --- [    Test worker] org.hibernate.Version                    : HHH000412: Hibernate ORM core version 6.4.1.Final
2024-02-22T23:31:54.157+09:00  INFO 24175 --- [    Test worker] o.h.c.internal.RegionFactoryInitiator    : HHH000026: Second-level cache disabled
2024-02-22T23:31:54.253+09:00  INFO 24175 --- [    Test worker] o.s.o.j.p.SpringPersistenceUnitInfo      : No LoadTimeWeaver setup: ignoring JPA class transformer
2024-02-22T23:31:54.627+09:00  INFO 24175 --- [    Test worker] o.h.e.t.j.p.i.JtaPlatformInitiator       : HHH000489: No JTA platform available (set 'hibernate.transaction.jta.platform' to enable JTA platform integration)
2024-02-22T23:31:54.646+09:00  INFO 24175 --- [    Test worker] j.LocalContainerEntityManagerFactoryBean : Initialized JPA EntityManagerFactory for persistence unit 'default'
2024-02-22T23:31:54.971+09:00  WARN 24175 --- [    Test worker] JpaBaseConfiguration$JpaWebConfiguration : spring.jpa.open-in-view is enabled by default. Therefore, database queries may be performed during view rendering. Explicitly configure spring.jpa.open-in-view to disable this warning
2024-02-22T23:31:55.091+09:00  WARN 24175 --- [    Test worker] .s.s.UserDetailsServiceAutoConfiguration : 

Using generated security password: 3b28488d-9217-443b-b352-8317792f3e6c

This generated password is for development use only. Your security configuration must be updated before running your application in production.

2024-02-22T23:31:55.155+09:00  INFO 24175 --- [    Test worker] o.s.s.web.DefaultSecurityFilterChain     : Will secure any request with [org.springframework.security.web.session.DisableEncodeUrlFilter@365291bd, org.springframework.security.web.context.request.async.WebAsyncManagerIntegrationFilter@68c05c5b, org.springframework.security.web.context.SecurityContextHolderFilter@44a972b4, org.springframework.security.web.header.HeaderWriterFilter@175377d3, org.springframework.web.filter.CorsFilter@1b5e6983, org.springframework.security.web.csrf.CsrfFilter@79bb14d8, org.springframework.security.web.authentication.logout.LogoutFilter@268eefe7, org.springframework.security.web.authentication.UsernamePasswordAuthenticationFilter@70f37190, org.springframework.security.web.authentication.ui.DefaultLoginPageGeneratingFilter@2f4bc3ff, org.springframework.security.web.authentication.ui.DefaultLogoutPageGeneratingFilter@130a99fe, org.springframework.security.web.authentication.www.BasicAuthenticationFilter@5c85ed05, org.springframework.security.web.savedrequest.RequestCacheAwareFilter@7712c315, org.springframework.security.web.servletapi.SecurityContextHolderAwareRequestFilter@5a9a187b, org.springframework.security.web.authentication.AnonymousAuthenticationFilter@31773d5b, org.springframework.security.web.access.ExceptionTranslationFilter@85eabca, org.springframework.security.web.access.intercept.AuthorizationFilter@4d62bb8b]
2024-02-22T23:31:55.210+09:00  INFO 24175 --- [    Test worker] c.h.F.service.RegionCodeServiceTest      : Started RegionCodeServiceTest in 1.76 seconds (process running for 2.264)
]]></system-out>
  <system-err><![CDATA[]]></system-err>
</testsuite>
